<?xml version="1.0" encoding="UTF-8"?>
<!-- Generated by org.testng.reporters.JUnitXMLReporter -->
<testsuite ignored="0" hostname="DESKTOP-IJVEGUQ" failures="0" tests="4" name="Default test" time="47.747" errors="0" timestamp="2025-10-08T16:35:09 IST">
  <testcase classname="com.tka.registerdemo.AddUser_Test" name="test_addUser" time="5.49"/>
  <testcase classname="com.tka.registerdemo.AddUser_Test" name="test_addUser" time="5.367"/>
  <testcase classname="com.tka.registerdemo.AddUser_Test" name="test_addUser" time="5.681"/>
  <testcase classname="com.tka.registerdemo.AddUser_Test" name="test_addUser" time="9.617"/>
</testsuite> <!-- Default test -->
