<?xml version="1.0" encoding="UTF-8"?>
<!-- Generated by org.testng.reporters.JUnitXMLReporter -->
<testsuite ignored="0" hostname="DESKTOP-IJVEGUQ" failures="0" tests="4" name="Test" time="72.193" errors="0" timestamp="2025-10-08T19:05:53 IST">
  <testcase classname="com.tka.registerdemo.AddUser_Test" name="test_addUser" time="8.958"/>
  <testcase classname="com.tka.registerdemo.AddUser_Test" name="test_addUser" time="6.692"/>
  <testcase classname="com.tka.registerdemo.AddUser_Test" name="test_addUser" time="7.038"/>
  <testcase classname="com.tka.registerdemo.AddUser_Test" name="test_addUser" time="6.199"/>
</testsuite> <!-- Test -->
