<?xml version="1.0" encoding="UTF-8"?>
<testng-results ignored="0" total="4" passed="4" failed="0" skipped="0">
  <reporter-output>
  </reporter-output>
  <suite started-at="2025-10-08T19:04:41 IST" name="Suite" finished-at="2025-10-08T19:05:53 IST" duration-ms="72193">
    <groups>
    </groups>
    <test started-at="2025-10-08T19:04:41 IST" name="Test" finished-at="2025-10-08T19:05:53 IST" duration-ms="72193">
      <class name="com.tka.registerdemo.AddUser_Test">
        <test-method is-config="true" signature="setUp()[pri:0, instance:com.tka.registerdemo.AddUser_Test@1a451d4d]" started-at="2025-10-08T19:04:44 IST" name="setUp" finished-at="2025-10-08T19:05:01 IST" duration-ms="16978" status="PASS">
          <reporter-output>
          </reporter-output>
        </test-method> <!-- setUp -->
        <test-method signature="test_addUser(java.lang.String,java.lang.String,java.lang.String,java.lang.String,java.lang.String,java.lang.String,java.lang.String)[pri:0, instance:com.tka.registerdemo.AddUser_Test@1a451d4d]" started-at="2025-10-08T19:05:01 IST" name="test_addUser" data-provider="userData" finished-at="2025-10-08T19:05:10 IST" duration-ms="8958" status="PASS">
          <params>
            <param index="0">
              <value>
                <![CDATA[Kiran]]>
              </value>
            </param>
            <param index="1">
              <value>
                <![CDATA[9898989898]]>
              </value>
            </param>
            <param index="2">
              <value>
                <![CDATA[kiran@gmail.com]]>
              </value>
            </param>
            <param index="3">
              <value>
                <![CDATA[Java/J2EE]]>
              </value>
            </param>
            <param index="4">
              <value>
                <![CDATA[Male1]]>
              </value>
            </param>
            <param index="5">
              <value>
                <![CDATA[Maharashtra]]>
              </value>
            </param>
            <param index="6">
              <value>
                <![CDATA[123456]]>
              </value>
            </param>
          </params>
          <reporter-output>
          </reporter-output>
        </test-method> <!-- test_addUser -->
        <test-method is-config="true" signature="tearDown()[pri:0, instance:com.tka.registerdemo.AddUser_Test@1a451d4d]" started-at="2025-10-08T19:05:10 IST" name="tearDown" finished-at="2025-10-08T19:05:11 IST" duration-ms="769" status="PASS">
          <reporter-output>
          </reporter-output>
        </test-method> <!-- tearDown -->
        <test-method is-config="true" signature="setUp()[pri:0, instance:com.tka.registerdemo.AddUser_Test@1a451d4d]" started-at="2025-10-08T19:05:11 IST" name="setUp" finished-at="2025-10-08T19:05:18 IST" duration-ms="7491" status="PASS">
          <reporter-output>
          </reporter-output>
        </test-method> <!-- setUp -->
        <test-method signature="test_addUser(java.lang.String,java.lang.String,java.lang.String,java.lang.String,java.lang.String,java.lang.String,java.lang.String)[pri:0, instance:com.tka.registerdemo.AddUser_Test@1a451d4d]" started-at="2025-10-08T19:05:18 IST" name="test_addUser" data-provider="userData" finished-at="2025-10-08T19:05:25 IST" duration-ms="6692" status="PASS">
          <params>
            <param index="0">
              <value>
                <![CDATA[Sagar]]>
              </value>
            </param>
            <param index="1">
              <value>
                <![CDATA[999999999]]>
              </value>
            </param>
            <param index="2">
              <value>
                <![CDATA[sagar@javabykiran.com]]>
              </value>
            </param>
            <param index="3">
              <value>
                <![CDATA[Selenium]]>
              </value>
            </param>
            <param index="4">
              <value>
                <![CDATA[Male]]>
              </value>
            </param>
            <param index="5">
              <value>
                <![CDATA[Punjab]]>
              </value>
            </param>
            <param index="6">
              <value>
                <![CDATA[123456]]>
              </value>
            </param>
          </params>
          <reporter-output>
          </reporter-output>
        </test-method> <!-- test_addUser -->
        <test-method is-config="true" signature="tearDown()[pri:0, instance:com.tka.registerdemo.AddUser_Test@1a451d4d]" started-at="2025-10-08T19:05:25 IST" name="tearDown" finished-at="2025-10-08T19:05:25 IST" duration-ms="429" status="PASS">
          <reporter-output>
          </reporter-output>
        </test-method> <!-- tearDown -->
        <test-method is-config="true" signature="setUp()[pri:0, instance:com.tka.registerdemo.AddUser_Test@1a451d4d]" started-at="2025-10-08T19:05:25 IST" name="setUp" finished-at="2025-10-08T19:05:32 IST" duration-ms="6815" status="PASS">
          <reporter-output>
          </reporter-output>
        </test-method> <!-- setUp -->
        <test-method signature="test_addUser(java.lang.String,java.lang.String,java.lang.String,java.lang.String,java.lang.String,java.lang.String,java.lang.String)[pri:0, instance:com.tka.registerdemo.AddUser_Test@1a451d4d]" started-at="2025-10-08T19:05:32 IST" name="test_addUser" data-provider="userData" finished-at="2025-10-08T19:05:39 IST" duration-ms="7038" status="PASS">
          <params>
            <param index="0">
              <value>
                <![CDATA[Monica]]>
              </value>
            </param>
            <param index="1">
              <value>
                <![CDATA[1111111111]]>
              </value>
            </param>
            <param index="2">
              <value>
                <![CDATA[monica@gmail.com]]>
              </value>
            </param>
            <param index="3">
              <value>
                <![CDATA[Python]]>
              </value>
            </param>
            <param index="4">
              <value>
                <![CDATA[Female1]]>
              </value>
            </param>
            <param index="5">
              <value>
                <![CDATA[Maharashtra]]>
              </value>
            </param>
            <param index="6">
              <value>
                <![CDATA[123456]]>
              </value>
            </param>
          </params>
          <reporter-output>
          </reporter-output>
        </test-method> <!-- test_addUser -->
        <test-method is-config="true" signature="tearDown()[pri:0, instance:com.tka.registerdemo.AddUser_Test@1a451d4d]" started-at="2025-10-08T19:05:39 IST" name="tearDown" finished-at="2025-10-08T19:05:39 IST" duration-ms="445" status="PASS">
          <reporter-output>
          </reporter-output>
        </test-method> <!-- tearDown -->
        <test-method is-config="true" signature="setUp()[pri:0, instance:com.tka.registerdemo.AddUser_Test@1a451d4d]" started-at="2025-10-08T19:05:39 IST" name="setUp" finished-at="2025-10-08T19:05:46 IST" duration-ms="6646" status="PASS">
          <reporter-output>
          </reporter-output>
        </test-method> <!-- setUp -->
        <test-method signature="test_addUser(java.lang.String,java.lang.String,java.lang.String,java.lang.String,java.lang.String,java.lang.String,java.lang.String)[pri:0, instance:com.tka.registerdemo.AddUser_Test@1a451d4d]" started-at="2025-10-08T19:05:46 IST" name="test_addUser" data-provider="userData" finished-at="2025-10-08T19:05:52 IST" duration-ms="6199" status="PASS">
          <params>
            <param index="0">
              <value>
                <![CDATA[Kimaya]]>
              </value>
            </param>
            <param index="1">
              <value>
                <![CDATA[999999999]]>
              </value>
            </param>
            <param index="2">
              <value>
                <![CDATA[kimaya@gmail.com]]>
              </value>
            </param>
            <param index="3">
              <value>
                <![CDATA[PHP]]>
              </value>
            </param>
            <param index="4">
              <value>
                <![CDATA[Female]]>
              </value>
            </param>
            <param index="5">
              <value>
                <![CDATA[Punjab]]>
              </value>
            </param>
            <param index="6">
              <value>
                <![CDATA[123456]]>
              </value>
            </param>
          </params>
          <reporter-output>
          </reporter-output>
        </test-method> <!-- test_addUser -->
        <test-method is-config="true" signature="tearDown()[pri:0, instance:com.tka.registerdemo.AddUser_Test@1a451d4d]" started-at="2025-10-08T19:05:52 IST" name="tearDown" finished-at="2025-10-08T19:05:53 IST" duration-ms="366" status="PASS">
          <reporter-output>
          </reporter-output>
        </test-method> <!-- tearDown -->
      </class> <!-- com.tka.registerdemo.AddUser_Test -->
    </test> <!-- Test -->
  </suite> <!-- Suite -->
</testng-results>
