<?xml version="1.0" encoding="UTF-8"?>
<testng-results ignored="0" total="1" passed="1" failed="0" skipped="0">
  <reporter-output>
  </reporter-output>
  <suite started-at="2026-01-09T14:35:10 IST" name="Default suite" finished-at="2026-01-09T14:35:15 IST" duration-ms="4962">
    <groups>
    </groups>
    <test started-at="2026-01-09T14:35:10 IST" name="Default test" finished-at="2026-01-09T14:35:15 IST" duration-ms="4962">
      <class name="com.demo.UserPage">
        <test-method signature="validateTble()[pri:0, instance:com.demo.UserPage@71ba6d4e]" started-at="2026-01-09T14:35:11 IST" name="validateTble" finished-at="2026-01-09T14:35:15 IST" duration-ms="4855" status="PASS">
          <reporter-output>
          </reporter-output>
        </test-method> <!-- validateTble -->
      </class> <!-- com.demo.UserPage -->
    </test> <!-- Default test -->
  </suite> <!-- Default suite -->
</testng-results>
