<?xml version="1.0" encoding="UTF-8"?>
<testng-results ignored="0" total="4" passed="4" failed="0" skipped="0">
  <reporter-output>
  </reporter-output>
  <suite started-at="2025-10-08T16:34:21 IST" name="Default suite" finished-at="2025-10-08T16:35:08 IST" duration-ms="47747">
    <groups>
    </groups>
    <test started-at="2025-10-08T16:34:21 IST" name="Default test" finished-at="2025-10-08T16:35:08 IST" duration-ms="47747">
      <class name="com.tka.registerdemo.AddUser_Test">
        <test-method is-config="true" signature="setUp()[pri:0, instance:com.tka.registerdemo.AddUser_Test@69e153c5]" started-at="2025-10-08T16:34:22 IST" name="setUp" finished-at="2025-10-08T16:34:29 IST" duration-ms="6238" status="PASS">
          <reporter-output>
          </reporter-output>
        </test-method> <!-- setUp -->
        <test-method signature="test_addUser(java.lang.String,java.lang.String,java.lang.String,java.lang.String,java.lang.String,java.lang.String,java.lang.String)[pri:0, instance:com.tka.registerdemo.AddUser_Test@69e153c5]" started-at="2025-10-08T16:34:29 IST" name="test_addUser" data-provider="userData" finished-at="2025-10-08T16:34:34 IST" duration-ms="5490" status="PASS">
          <params>
            <param index="0">
              <value>
                <![CDATA[Kiran]]>
              </value>
            </param>
            <param index="1">
              <value>
                <![CDATA[9898989898]]>
              </value>
            </param>
            <param index="2">
              <value>
                <![CDATA[kiran@gmail.com]]>
              </value>
            </param>
            <param index="3">
              <value>
                <![CDATA[Java/J2EE]]>
              </value>
            </param>
            <param index="4">
              <value>
                <![CDATA[Male1]]>
              </value>
            </param>
            <param index="5">
              <value>
                <![CDATA[Maharashtra]]>
              </value>
            </param>
            <param index="6">
              <value>
                <![CDATA[123456]]>
              </value>
            </param>
          </params>
          <reporter-output>
          </reporter-output>
        </test-method> <!-- test_addUser -->
        <test-method is-config="true" signature="tearDown()[pri:0, instance:com.tka.registerdemo.AddUser_Test@69e153c5]" started-at="2025-10-08T16:34:34 IST" name="tearDown" finished-at="2025-10-08T16:34:35 IST" duration-ms="411" status="PASS">
          <reporter-output>
          </reporter-output>
        </test-method> <!-- tearDown -->
        <test-method is-config="true" signature="setUp()[pri:0, instance:com.tka.registerdemo.AddUser_Test@69e153c5]" started-at="2025-10-08T16:34:35 IST" name="setUp" finished-at="2025-10-08T16:34:40 IST" duration-ms="5167" status="PASS">
          <reporter-output>
          </reporter-output>
        </test-method> <!-- setUp -->
        <test-method signature="test_addUser(java.lang.String,java.lang.String,java.lang.String,java.lang.String,java.lang.String,java.lang.String,java.lang.String)[pri:0, instance:com.tka.registerdemo.AddUser_Test@69e153c5]" started-at="2025-10-08T16:34:40 IST" name="test_addUser" data-provider="userData" finished-at="2025-10-08T16:34:45 IST" duration-ms="5367" status="PASS">
          <params>
            <param index="0">
              <value>
                <![CDATA[Sagar]]>
              </value>
            </param>
            <param index="1">
              <value>
                <![CDATA[999999999]]>
              </value>
            </param>
            <param index="2">
              <value>
                <![CDATA[sagar@javabykiran.com]]>
              </value>
            </param>
            <param index="3">
              <value>
                <![CDATA[Selenium]]>
              </value>
            </param>
            <param index="4">
              <value>
                <![CDATA[Male]]>
              </value>
            </param>
            <param index="5">
              <value>
                <![CDATA[Punjab]]>
              </value>
            </param>
            <param index="6">
              <value>
                <![CDATA[123456]]>
              </value>
            </param>
          </params>
          <reporter-output>
          </reporter-output>
        </test-method> <!-- test_addUser -->
        <test-method is-config="true" signature="tearDown()[pri:0, instance:com.tka.registerdemo.AddUser_Test@69e153c5]" started-at="2025-10-08T16:34:45 IST" name="tearDown" finished-at="2025-10-08T16:34:46 IST" duration-ms="297" status="PASS">
          <reporter-output>
          </reporter-output>
        </test-method> <!-- tearDown -->
        <test-method is-config="true" signature="setUp()[pri:0, instance:com.tka.registerdemo.AddUser_Test@69e153c5]" started-at="2025-10-08T16:34:46 IST" name="setUp" finished-at="2025-10-08T16:34:51 IST" duration-ms="5348" status="PASS">
          <reporter-output>
          </reporter-output>
        </test-method> <!-- setUp -->
        <test-method signature="test_addUser(java.lang.String,java.lang.String,java.lang.String,java.lang.String,java.lang.String,java.lang.String,java.lang.String)[pri:0, instance:com.tka.registerdemo.AddUser_Test@69e153c5]" started-at="2025-10-08T16:34:51 IST" name="test_addUser" data-provider="userData" finished-at="2025-10-08T16:34:57 IST" duration-ms="5681" status="PASS">
          <params>
            <param index="0">
              <value>
                <![CDATA[Monica]]>
              </value>
            </param>
            <param index="1">
              <value>
                <![CDATA[1111111111]]>
              </value>
            </param>
            <param index="2">
              <value>
                <![CDATA[monica@gmail.com]]>
              </value>
            </param>
            <param index="3">
              <value>
                <![CDATA[Python]]>
              </value>
            </param>
            <param index="4">
              <value>
                <![CDATA[Female1]]>
              </value>
            </param>
            <param index="5">
              <value>
                <![CDATA[Maharashtra]]>
              </value>
            </param>
            <param index="6">
              <value>
                <![CDATA[123456]]>
              </value>
            </param>
          </params>
          <reporter-output>
          </reporter-output>
        </test-method> <!-- test_addUser -->
        <test-method is-config="true" signature="tearDown()[pri:0, instance:com.tka.registerdemo.AddUser_Test@69e153c5]" started-at="2025-10-08T16:34:57 IST" name="tearDown" finished-at="2025-10-08T16:34:57 IST" duration-ms="306" status="PASS">
          <reporter-output>
          </reporter-output>
        </test-method> <!-- tearDown -->
        <test-method is-config="true" signature="setUp()[pri:0, instance:com.tka.registerdemo.AddUser_Test@69e153c5]" started-at="2025-10-08T16:34:57 IST" name="setUp" finished-at="2025-10-08T16:34:59 IST" duration-ms="1661" status="PASS">
          <reporter-output>
          </reporter-output>
        </test-method> <!-- setUp -->
        <test-method signature="test_addUser(java.lang.String,java.lang.String,java.lang.String,java.lang.String,java.lang.String,java.lang.String,java.lang.String)[pri:0, instance:com.tka.registerdemo.AddUser_Test@69e153c5]" started-at="2025-10-08T16:34:59 IST" name="test_addUser" data-provider="userData" finished-at="2025-10-08T16:35:08 IST" duration-ms="9617" status="PASS">
          <params>
            <param index="0">
              <value>
                <![CDATA[Kimaya]]>
              </value>
            </param>
            <param index="1">
              <value>
                <![CDATA[999999999]]>
              </value>
            </param>
            <param index="2">
              <value>
                <![CDATA[kimaya@gmail.com]]>
              </value>
            </param>
            <param index="3">
              <value>
                <![CDATA[PHP]]>
              </value>
            </param>
            <param index="4">
              <value>
                <![CDATA[Female]]>
              </value>
            </param>
            <param index="5">
              <value>
                <![CDATA[Punjab]]>
              </value>
            </param>
            <param index="6">
              <value>
                <![CDATA[123456]]>
              </value>
            </param>
          </params>
          <reporter-output>
          </reporter-output>
        </test-method> <!-- test_addUser -->
        <test-method is-config="true" signature="tearDown()[pri:0, instance:com.tka.registerdemo.AddUser_Test@69e153c5]" started-at="2025-10-08T16:35:08 IST" name="tearDown" finished-at="2025-10-08T16:35:08 IST" duration-ms="302" status="PASS">
          <reporter-output>
          </reporter-output>
        </test-method> <!-- tearDown -->
      </class> <!-- com.tka.registerdemo.AddUser_Test -->
    </test> <!-- Default test -->
  </suite> <!-- Default suite -->
</testng-results>
