<?xml version="1.0" encoding="UTF-8"?>
<!-- Generated by org.testng.reporters.JUnitReportReporter -->
<testsuite hostname="DESKTOP-IJVEGUQ" failures="0" tests="4" name="com.tka.registerdemo.AddUser_Test" time="45.885" errors="0" timestamp="2025-10-08T16:35:09 IST" skipped="0">
  <testcase classname="com.tka.registerdemo.AddUser_Test" name="test_addUser" time="15.267"/>
  <testcase classname="com.tka.registerdemo.AddUser_Test" name="test_addUser" time="12.216"/>
  <testcase classname="com.tka.registerdemo.AddUser_Test" name="test_addUser" time="7.439"/>
  <testcase classname="com.tka.registerdemo.AddUser_Test" name="test_addUser" time="10.963"/>
</testsuite> <!-- com.tka.registerdemo.AddUser_Test -->
