<?xml version="1.0" encoding="UTF-8"?>
<!-- Generated by org.testng.reporters.JUnitReportReporter -->
<testsuite hostname="DESKTOP-IJVEGUQ" failures="0" tests="4" name="com.tka.registerdemo.AddUser_Test" time="68.826" errors="0" timestamp="2025-10-08T19:05:53 IST" skipped="0">
  <testcase classname="com.tka.registerdemo.AddUser_Test" name="test_addUser" time="24.115"/>
  <testcase classname="com.tka.registerdemo.AddUser_Test" name="test_addUser" time="16.878"/>
  <testcase classname="com.tka.registerdemo.AddUser_Test" name="test_addUser" time="14.050"/>
  <testcase classname="com.tka.registerdemo.AddUser_Test" name="test_addUser" time="13.783"/>
</testsuite> <!-- com.tka.registerdemo.AddUser_Test -->
